Arguments: 
  /usr/local/bin/node /usr/local/lib/node_modules/yarn/bin/yarn.js run build:tailwind

PATH: 
  /usr/local/bin:/usr/bin:/bin:/usr/sbin:/sbin

Yarn version: 
  1.22.10

Node version: 
  15.11.0

Platform: 
  darwin x64

Trace: 
  SyntaxError: /Users/vlad/Documents/zecode/@production/base-project/packages/web/package.json: Unexpected token } in JSON at position 325
      at JSON.parse (<anonymous>)
      at /usr/local/lib/node_modules/yarn/lib/cli.js:1625:59
      at Generator.next (<anonymous>)
      at step (/usr/local/lib/node_modules/yarn/lib/cli.js:310:30)
      at /usr/local/lib/node_modules/yarn/lib/cli.js:321:13

npm manifest: 
  {
    "name": "@base-project/web",
    "version": "1.0.0",
    "description": "Frontend",
    "license": "MIT",
    "scripts": {
      "build": "rollup -c",
      "dev": "rollup -c -w",
      "start": "sirv __public__ -s",
      "build:tailwind": "tailwind build __public__/assets/styles/index.css -o __public__/assets/styles/tailwind.css",
    },
    "dependencies": {
      "commloc": "0.1.0",
      "@popperjs/core": "2.5.1",
      "chart.js": "2.9.3",
      "rollup-plugin-dev": "^1.1.3",
      "socket.io-client": "^3.1.1",
      "svelte-file-dropzone": "^0.0.15",
      "svelte-router-spa": "^6.0.0",
      "svelte-video-player": "^1.1.9",
      "tailwindcss": "1.8.10"
    },
    "devDependencies": {
      "@rollup/plugin-commonjs": "15.1.0",
      "@rollup/plugin-node-resolve": "9.0.0",
      "rollup": "2.28.1",
      "rollup-plugin-livereload": "2.0.0",
      "rollup-plugin-svelte": "6.0.1",
      "rollup-plugin-terser": "7.0.2",
      "@rollup/plugin-alias": "3.1.1",
      "@rollup/plugin-json": "^4.1.0",
      "svelte": "3.26.0",
      "sirv-cli": "1.0.6"
    }
  }

yarn manifest: 
  No manifest

Lockfile: 
  No lockfile
